# JRE version: Java(TM) SE Runtime Environment (8.0_60-b08) (build 1.8.0_60-ea-b08)
# Java VM: Java HotSpot(TM) 64-Bit Server VM (25.60-b08 mixed mode windows-amd64 compressed oops)
Heap:
 PSYoungGen      total 135168K, used 31542K [0x00000000eb100000, 0x00000000f3900000, 0x0000000100000000)
  eden space 131072K, 23% used [0x00000000eb100000,0x00000000ecf71e08,0x00000000f3100000)
  from space 4096K, 8% used [0x00000000f3500000,0x00000000f355ba90,0x00000000f3900000)
  to   space 4096K, 0% used [0x00000000f3100000,0x00000000f3100000,0x00000000f3500000)
 ParOldGen       total 44032K, used 3442K [0x00000000c1200000, 0x00000000c3d00000, 0x00000000eb100000)
  object space 44032K, 7% used [0x00000000c1200000,0x00000000c155c9d0,0x00000000c3d00000)
 Metaspace       used 13428K, capacity 13924K, committed 14080K, reserved 1060864K
  class space    used 1886K, capacity 2025K, committed 2048K, reserved 1048576K
GC Heap History (10 events):
Event: 1.197 GC heap before
{Heap before GC invocations=4 (full 0):
 PSYoungGen      total 18944K, used 18939K [0x00000000eb100000, 0x00000000ed600000, 0x0000000100000000)
  eden space 16384K, 99% used [0x00000000eb100000,0x00000000ec0ff890,0x00000000ec100000)
  from space 2560K, 99% used [0x00000000ec100000,0x00000000ec37f500,0x00000000ec380000)
  to   space 2560K, 0% used [0x00000000ed380000,0x00000000ed380000,0x00000000ed600000)
 ParOldGen       total 44032K, used 960K [0x00000000c1200000, 0x00000000c3d00000, 0x00000000eb100000)
  object space 44032K, 2% used [0x00000000c1200000,0x00000000c12f0128,0x00000000c3d00000)
 Metaspace       used 12833K, capacity 13352K, committed 13568K, reserved 1060864K
  class space    used 1823K, capacity 1984K, committed 2048K, reserved 1048576K
Event: 1.201 GC heap after
Heap after GC invocations=4 (full 0):
 PSYoungGen      total 35328K, used 2557K [0x00000000eb100000, 0x00000000ed600000, 0x0000000100000000)
  eden space 32768K, 0% used [0x00000000eb100000,0x00000000eb100000,0x00000000ed100000)
  from space 2560K, 99% used [0x00000000ed380000,0x00000000ed5ff708,0x00000000ed600000)
  to   space 2560K, 0% used [0x00000000ed100000,0x00000000ed100000,0x00000000ed380000)
 ParOldGen       total 44032K, used 984K [0x00000000c1200000, 0x00000000c3d00000, 0x00000000eb100000)
  object space 44032K, 2% used [0x00000000c1200000,0x00000000c12f6128,0x00000000c3d00000)
 Metaspace       used 12833K, capacity 13352K, committed 13568K, reserved 1060864K
  class space    used 1823K, capacity 1984K, committed 2048K, reserved 1048576K
}
Event: 1.214 GC heap before
{Heap before GC invocations=5 (full 0):
 PSYoungGen      total 35328K, used 35274K [0x00000000eb100000, 0x00000000ed600000, 0x0000000100000000)
  eden space 32768K, 99% used [0x00000000eb100000,0x00000000ed0f3110,0x00000000ed100000)
  from space 2560K, 99% used [0x00000000ed380000,0x00000000ed5ff708,0x00000000ed600000)
  to   space 2560K, 0% used [0x00000000ed100000,0x00000000ed100000,0x00000000ed380000)
 ParOldGen       total 44032K, used 984K [0x00000000c1200000, 0x00000000c3d00000, 0x00000000eb100000)
  object space 44032K, 2% used [0x00000000c1200000,0x00000000c12f6128,0x00000000c3d00000)
 Metaspace       used 12833K, capacity 13352K, committed 13568K, reserved 1060864K
  class space    used 1823K, capacity 1984K, committed 2048K, reserved 1048576K
Event: 1.217 GC heap after
Heap after GC invocations=5 (full 0):
 PSYoungGen      total 35328K, used 2551K [0x00000000eb100000, 0x00000000ef800000, 0x0000000100000000)
  eden space 32768K, 0% used [0x00000000eb100000,0x00000000eb100000,0x00000000ed100000)
  from space 2560K, 99% used [0x00000000ed100000,0x00000000ed37dc90,0x00000000ed380000)
  to   space 3584K, 0% used [0x00000000ef480000,0x00000000ef480000,0x00000000ef800000)
 ParOldGen       total 44032K, used 1008K [0x00000000c1200000, 0x00000000c3d00000, 0x00000000eb100000)
  object space 44032K, 2% used [0x00000000c1200000,0x00000000c12fc128,0x00000000c3d00000)
 Metaspace       used 12833K, capacity 13352K, committed 13568K, reserved 1060864K
  class space    used 1823K, capacity 1984K, committed 2048K, reserved 1048576K
}
Event: 1.224 GC heap before
{Heap before GC invocations=6 (full 0):
 PSYoungGen      total 35328K, used 35226K [0x00000000eb100000, 0x00000000ef800000, 0x0000000100000000)
  eden space 32768K, 99% used [0x00000000eb100000,0x00000000ed0e8eb8,0x00000000ed100000)
  from space 2560K, 99% used [0x00000000ed100000,0x00000000ed37dc90,0x00000000ed380000)
  to   space 3584K, 0% used [0x00000000ef480000,0x00000000ef480000,0x00000000ef800000)
 ParOldGen       total 44032K, used 1008K [0x00000000c1200000, 0x00000000c3d00000, 0x00000000eb100000)
  object space 44032K, 2% used [0x00000000c1200000,0x00000000c12fc128,0x00000000c3d00000)
 Metaspace       used 12833K, capacity 13352K, committed 13568K, reserved 1060864K
  class space    used 1823K, capacity 1984K, committed 2048K, reserved 1048576K
Event: 1.228 GC heap after
Heap after GC invocations=6 (full 0):
 PSYoungGen      total 69120K, used 2603K [0x00000000eb100000, 0x00000000ef800000, 0x0000000100000000)
  eden space 65536K, 0% used [0x00000000eb100000,0x00000000eb100000,0x00000000ef100000)
  from space 3584K, 72% used [0x00000000ef480000,0x00000000ef70ad90,0x00000000ef800000)
  to   space 3584K, 0% used [0x00000000ef100000,0x00000000ef100000,0x00000000ef480000)
 ParOldGen       total 44032K, used 1008K [0x00000000c1200000, 0x00000000c3d00000, 0x00000000eb100000)
  object space 44032K, 2% used [0x00000000c1200000,0x00000000c12fc128,0x00000000c3d00000)
 Metaspace       used 12833K, capacity 13352K, committed 13568K, reserved 1060864K
  class space    used 1823K, capacity 1984K, committed 2048K, reserved 1048576K
}
Event: 1.252 GC heap before
{Heap before GC invocations=7 (full 0):
 PSYoungGen      total 69120K, used 68135K [0x00000000eb100000, 0x00000000ef800000, 0x0000000100000000)
  eden space 65536K, 99% used [0x00000000eb100000,0x00000000ef0ff120,0x00000000ef100000)
  from space 3584K, 72% used [0x00000000ef480000,0x00000000ef70ad90,0x00000000ef800000)
  to   space 3584K, 0% used [0x00000000ef100000,0x00000000ef100000,0x00000000ef480000)
 ParOldGen       total 44032K, used 1008K [0x00000000c1200000, 0x00000000c3d00000, 0x00000000eb100000)
  object space 44032K, 2% used [0x00000000c1200000,0x00000000c12fc128,0x00000000c3d00000)
 Metaspace       used 12833K, capacity 13352K, committed 13568K, reserved 1060864K
  class space    used 1823K, capacity 1984K, committed 2048K, reserved 1048576K
Event: 1.255 GC heap after
Heap after GC invocations=7 (full 0):
 PSYoungGen      total 69120K, used 156K [0x00000000eb100000, 0x00000000f3900000, 0x0000000100000000)
  eden space 65536K, 0% used [0x00000000eb100000,0x00000000eb100000,0x00000000ef100000)
  from space 3584K, 4% used [0x00000000ef100000,0x00000000ef127100,0x00000000ef480000)
  to   space 4096K, 0% used [0x00000000f3500000,0x00000000f3500000,0x00000000f3900000)
 ParOldGen       total 44032K, used 3442K [0x00000000c1200000, 0x00000000c3d00000, 0x00000000eb100000)
  object space 44032K, 7% used [0x00000000c1200000,0x00000000c155c9d0,0x00000000c3d00000)
 Metaspace       used 12833K, capacity 13352K, committed 13568K, reserved 1060864K
  class space    used 1823K, capacity 1984K, committed 2048K, reserved 1048576K
}
Event: 1.269 GC heap before
{Heap before GC invocations=8 (full 0):
 PSYoungGen      total 69120K, used 65677K [0x00000000eb100000, 0x00000000f3900000, 0x0000000100000000)
  eden space 65536K, 99% used [0x00000000eb100000,0x00000000ef0fc5b0,0x00000000ef100000)
  from space 3584K, 4% used [0x00000000ef100000,0x00000000ef127100,0x00000000ef480000)
  to   space 4096K, 0% used [0x00000000f3500000,0x00000000f3500000,0x00000000f3900000)
 ParOldGen       total 44032K, used 3442K [0x00000000c1200000, 0x00000000c3d00000, 0x00000000eb100000)
  object space 44032K, 7% used [0x00000000c1200000,0x00000000c155c9d0,0x00000000c3d00000)
 Metaspace       used 12833K, capacity 13352K, committed 13568K, reserved 1060864K
  class space    used 1823K, capacity 1984K, committed 2048K, reserved 1048576K
Event: 1.270 GC heap after
Heap after GC invocations=8 (full 0):
 PSYoungGen      total 135168K, used 366K [0x00000000eb100000, 0x00000000f3900000, 0x0000000100000000)
  eden space 131072K, 0% used [0x00000000eb100000,0x00000000eb100000,0x00000000f3100000)
  from space 4096K, 8% used [0x00000000f3500000,0x00000000f355ba90,0x00000000f3900000)
  to   space 4096K, 0% used [0x00000000f3100000,0x00000000f3100000,0x00000000f3500000)
 ParOldGen       total 44032K, used 3442K [0x00000000c1200000, 0x00000000c3d00000, 0x00000000eb100000)
  object space 44032K, 7% used [0x00000000c1200000,0x00000000c155c9d0,0x00000000c3d00000)
 Metaspace       used 12833K, capacity 13352K, committed 13568K, reserved 1060864K
  class space    used 1823K, capacity 1984K, committed 2048K, reserved 1048576K
}

